

===================================
2021-01-10 23:55:44.985655


loading config from results/sacred/1674/config.json


loading returns from results/sacred/1674/info.json
Number of returns: 12000
Number of independent runs that have been considered: 10
Number of different amounts of seeds: 6
Number of hash function seeds: 20


-----------
Number of seeds: 1
Hash seed index: 0
off_diagonal_mean:
-0.03389756944444444
off_diagonal_std:
0.498957442322138


-----------
Number of seeds: 1
Hash seed index: 1
off_diagonal_mean:
-0.03334418402777778
off_diagonal_std:
0.4903679491931764


-----------
Number of seeds: 1
Hash seed index: 2
off_diagonal_mean:
-0.03306206597222222
off_diagonal_std:
0.49260362392609647


-----------
Number of seeds: 1
Hash seed index: 3
off_diagonal_mean:
-0.03651258680555555
off_diagonal_std:
0.49088936034099784


-----------
Number of seeds: 1
Hash seed index: 4
off_diagonal_mean:
-0.03908420138888889
off_diagonal_std:
0.49373660336928943


-----------
Number of seeds: 1
Hash seed index: 5
off_diagonal_mean:
-0.033430989583333334
off_diagonal_std:
0.49581510045484045


-----------
Number of seeds: 1
Hash seed index: 6
off_diagonal_mean:
-0.03041449652777778
off_diagonal_std:
0.4954458429288721


-----------
Number of seeds: 1
Hash seed index: 7
off_diagonal_mean:
-0.030110677083333332
off_diagonal_std:
0.4958625902365129


-----------
Number of seeds: 1
Hash seed index: 8
off_diagonal_mean:
-0.03152126736111111
off_diagonal_std:
0.5007402456413002


-----------
Number of seeds: 1
Hash seed index: 9
off_diagonal_mean:
-0.03592664930555556
off_diagonal_std:
0.4953549360021114


-----------
Number of seeds: 1
Hash seed index: 10
off_diagonal_mean:
-0.029720052083333334
off_diagonal_std:
0.4986843187621365


-----------
Number of seeds: 1
Hash seed index: 11
off_diagonal_mean:
-0.03194444444444444
off_diagonal_std:
0.4974313292709696


-----------
Number of seeds: 1
Hash seed index: 12
off_diagonal_mean:
-0.03454861111111111
off_diagonal_std:
0.49077517571917123


-----------
Number of seeds: 1
Hash seed index: 13
off_diagonal_mean:
-0.031510416666666666
off_diagonal_std:
0.5023490993807539


-----------
Number of seeds: 1
Hash seed index: 14
off_diagonal_mean:
-0.033040364583333336
off_diagonal_std:
0.49643161378951706


-----------
Number of seeds: 1
Hash seed index: 15
off_diagonal_mean:
-0.03624131944444445
off_diagonal_std:
0.4951706557317968


-----------
Number of seeds: 1
Hash seed index: 16
off_diagonal_mean:
-0.03323567708333333
off_diagonal_std:
0.4986601881823559


-----------
Number of seeds: 1
Hash seed index: 17
off_diagonal_mean:
-0.03284505208333333
off_diagonal_std:
0.5021236345464979


-----------
Number of seeds: 1
Hash seed index: 18
off_diagonal_mean:
-0.03561197916666667
off_diagonal_std:
0.4963051482550446


-----------
Number of seeds: 1
Hash seed index: 19
off_diagonal_mean:
-0.03668619791666667
off_diagonal_std:
0.49463083002189784


-----------
Number of seeds: 2
Hash seed index: 0
off_diagonal_mean:
-0.0294921875
off_diagonal_std:
0.4977054972811992


-----------
Number of seeds: 2
Hash seed index: 1
off_diagonal_mean:
0.2947591145833333
off_diagonal_std:
0.3986531324460145


-----------
Number of seeds: 2
Hash seed index: 2
off_diagonal_mean:
0.03264973958333333
off_diagonal_std:
0.5000987072046552


-----------
Number of seeds: 2
Hash seed index: 3
off_diagonal_mean:
-0.03306206597222222
off_diagonal_std:
0.495928603160776


-----------
Number of seeds: 2
Hash seed index: 4
off_diagonal_mean:
0.035492621527777775
off_diagonal_std:
0.5004344993780979


-----------
Number of seeds: 2
Hash seed index: 5
off_diagonal_mean:
0.2998806423611111
off_diagonal_std:
0.4035483287963836


-----------
Number of seeds: 2
Hash seed index: 6
off_diagonal_mean:
0.029796006944444446
off_diagonal_std:
0.4921231719418358


-----------
Number of seeds: 2
Hash seed index: 7
off_diagonal_mean:
0.1430121527777778
off_diagonal_std:
0.47577306093161104


-----------
Number of seeds: 2
Hash seed index: 8
off_diagonal_mean:
0.2987087673611111
off_diagonal_std:
0.3988572334437393


-----------
Number of seeds: 2
Hash seed index: 9
off_diagonal_mean:
0.033745659722222224
off_diagonal_std:
0.4946229048286257


-----------
Number of seeds: 2
Hash seed index: 10
off_diagonal_mean:
0.2902560763888889
off_diagonal_std:
0.3935517197775094


-----------
Number of seeds: 2
Hash seed index: 11
off_diagonal_mean:
0.29615885416666665
off_diagonal_std:
0.3949459851295822


-----------
Number of seeds: 2
Hash seed index: 12
off_diagonal_mean:
0.02939453125
off_diagonal_std:
0.49224859702807633


-----------
Number of seeds: 2
Hash seed index: 13
off_diagonal_mean:
0.2969292534722222
off_diagonal_std:
0.4012084181235081


-----------
Number of seeds: 2
Hash seed index: 14
off_diagonal_mean:
0.03421223958333333
off_diagonal_std:
0.4977590878181406


-----------
Number of seeds: 2
Hash seed index: 15
off_diagonal_mean:
0.03804253472222222
off_diagonal_std:
0.49723231981988947


-----------
Number of seeds: 2
Hash seed index: 16
off_diagonal_mean:
0.3045247395833333
off_diagonal_std:
0.4033423876731296


-----------
Number of seeds: 2
Hash seed index: 17
off_diagonal_mean:
0.03623046875
off_diagonal_std:
0.4972554017592867


-----------
Number of seeds: 2
Hash seed index: 18
off_diagonal_mean:
0.027159288194444443
off_diagonal_std:
0.4934004412888129


-----------
Number of seeds: 2
Hash seed index: 19
off_diagonal_mean:
0.29590928819444445
off_diagonal_std:
0.4042921702384845


-----------
Number of seeds: 4
Hash seed index: 0
off_diagonal_mean:
0.29786241319444445
off_diagonal_std:
0.3990057322166716


-----------
Number of seeds: 4
Hash seed index: 1
off_diagonal_mean:
0.49612630208333336
off_diagonal_std:
0.039626850500797076


-----------
Number of seeds: 4
Hash seed index: 2
off_diagonal_mean:
0.5019856770833333
off_diagonal_std:
0.03141114120394997


-----------
Number of seeds: 4
Hash seed index: 3
off_diagonal_mean:
0.4935112847222222
off_diagonal_std:
0.03522439597368611


-----------
Number of seeds: 4
Hash seed index: 4
off_diagonal_mean:
0.49244791666666665
off_diagonal_std:
0.03599553973035549


-----------
Number of seeds: 4
Hash seed index: 5
off_diagonal_mean:
0.5025390625
off_diagonal_std:
0.034713038607570204


-----------
Number of seeds: 4
Hash seed index: 6
off_diagonal_mean:
0.4959635416666667
off_diagonal_std:
0.03966259967032553


-----------
Number of seeds: 4
Hash seed index: 7
off_diagonal_mean:
0.2920138888888889
off_diagonal_std:
0.39445880630924646


-----------
Number of seeds: 4
Hash seed index: 8
off_diagonal_mean:
0.4994357638888889
off_diagonal_std:
0.040339105329102315


-----------
Number of seeds: 4
Hash seed index: 9
off_diagonal_mean:
0.49946831597222224
off_diagonal_std:
0.036792253693666906


-----------
Number of seeds: 4
Hash seed index: 10
off_diagonal_mean:
0.49901258680555555
off_diagonal_std:
0.034714166342498576


-----------
Number of seeds: 4
Hash seed index: 11
off_diagonal_mean:
0.49724392361111114
off_diagonal_std:
0.03593419091003369


-----------
Number of seeds: 4
Hash seed index: 12
off_diagonal_mean:
0.5006293402777777
off_diagonal_std:
0.03824677552546859


-----------
Number of seeds: 4
Hash seed index: 13
off_diagonal_mean:
0.4907009548611111
off_diagonal_std:
0.0348493512140448


-----------
Number of seeds: 4
Hash seed index: 14
off_diagonal_mean:
0.49214409722222224
off_diagonal_std:
0.03579157772833599


-----------
Number of seeds: 4
Hash seed index: 15
off_diagonal_mean:
0.4986762152777778
off_diagonal_std:
0.03615284000351805


-----------
Number of seeds: 4
Hash seed index: 16
off_diagonal_mean:
0.4979275173611111
off_diagonal_std:
0.032831750388732296


-----------
Number of seeds: 4
Hash seed index: 17
off_diagonal_mean:
0.49833984375
off_diagonal_std:
0.03637611928691051


-----------
Number of seeds: 4
Hash seed index: 18
off_diagonal_mean:
0.5068901909722222
off_diagonal_std:
0.03628976595196956


-----------
Number of seeds: 4
Hash seed index: 19
off_diagonal_mean:
0.49169921875
off_diagonal_std:
0.03653012428111944


-----------
Number of seeds: 8
Hash seed index: 0
off_diagonal_mean:
0.4919921875
off_diagonal_std:
0.04060073519136602


-----------
Number of seeds: 8
Hash seed index: 1
off_diagonal_mean:
0.49090711805555554
off_diagonal_std:
0.039551154845533947


-----------
Number of seeds: 8
Hash seed index: 2
off_diagonal_mean:
0.48843315972222223
off_diagonal_std:
0.03701843500996364


-----------
Number of seeds: 8
Hash seed index: 3
off_diagonal_mean:
0.49534505208333335
off_diagonal_std:
0.038619188581384904


-----------
Number of seeds: 8
Hash seed index: 4
off_diagonal_mean:
0.4972873263888889
off_diagonal_std:
0.03170505331196533


-----------
Number of seeds: 8
Hash seed index: 5
off_diagonal_mean:
0.5031358506944444
off_diagonal_std:
0.034840613389092126


-----------
Number of seeds: 8
Hash seed index: 6
off_diagonal_mean:
0.49337022569444444
off_diagonal_std:
0.0377905698697544


-----------
Number of seeds: 8
Hash seed index: 7
off_diagonal_mean:
0.49295789930555556
off_diagonal_std:
0.0330708963395069


-----------
Number of seeds: 8
Hash seed index: 8
off_diagonal_mean:
0.49507378472222224
off_diagonal_std:
0.036076729864345486


-----------
Number of seeds: 8
Hash seed index: 9
off_diagonal_mean:
0.4978298611111111
off_diagonal_std:
0.03204844035622848


-----------
Number of seeds: 8
Hash seed index: 10
off_diagonal_mean:
0.49127604166666666
off_diagonal_std:
0.03419419335043186


-----------
Number of seeds: 8
Hash seed index: 11
off_diagonal_mean:
0.49832899305555556
off_diagonal_std:
0.036120565106108005


-----------
Number of seeds: 8
Hash seed index: 12
off_diagonal_mean:
0.4988932291666667
off_diagonal_std:
0.03456050257077982


-----------
Number of seeds: 8
Hash seed index: 13
off_diagonal_mean:
0.494140625
off_diagonal_std:
0.03474300186593962


-----------
Number of seeds: 8
Hash seed index: 14
off_diagonal_mean:
0.49838324652777777
off_diagonal_std:
0.04007032176379018


-----------
Number of seeds: 8
Hash seed index: 15
off_diagonal_mean:
0.4917209201388889
off_diagonal_std:
0.035940279727711716


-----------
Number of seeds: 8
Hash seed index: 16
off_diagonal_mean:
0.49691840277777777
off_diagonal_std:
0.03627941330031437


-----------
Number of seeds: 8
Hash seed index: 17
off_diagonal_mean:
0.49382595486111114
off_diagonal_std:
0.030876068116588183


-----------
Number of seeds: 8
Hash seed index: 18
off_diagonal_mean:
0.4950629340277778
off_diagonal_std:
0.03628567781057031


-----------
Number of seeds: 8
Hash seed index: 19
off_diagonal_mean:
0.49922960069444444
off_diagonal_std:
0.03486645560059215


-----------
Number of seeds: 16
Hash seed index: 0
off_diagonal_mean:
0.49637586805555556
off_diagonal_std:
0.03273135675069506


-----------
Number of seeds: 16
Hash seed index: 1
off_diagonal_mean:
0.49331597222222223
off_diagonal_std:
0.036113425938676995


-----------
Number of seeds: 16
Hash seed index: 2
off_diagonal_mean:
0.49928385416666665
off_diagonal_std:
0.03732428177595847


-----------
Number of seeds: 16
Hash seed index: 3
off_diagonal_mean:
0.49733072916666665
off_diagonal_std:
0.03200411176755858


-----------
Number of seeds: 16
Hash seed index: 4
off_diagonal_mean:
0.49873046875
off_diagonal_std:
0.038170826092528386


-----------
Number of seeds: 16
Hash seed index: 5
off_diagonal_mean:
0.49542100694444446
off_diagonal_std:
0.03708385122686051


-----------
Number of seeds: 16
Hash seed index: 6
off_diagonal_mean:
0.4930013020833333
off_diagonal_std:
0.039384859657064994


-----------
Number of seeds: 16
Hash seed index: 7
off_diagonal_mean:
0.49393446180555556
off_diagonal_std:
0.033067692043330495


-----------
Number of seeds: 16
Hash seed index: 8
off_diagonal_mean:
0.4933810763888889
off_diagonal_std:
0.03665913180115295


-----------
Number of seeds: 16
Hash seed index: 9
off_diagonal_mean:
0.4984592013888889
off_diagonal_std:
0.03283502611736862


-----------
Number of seeds: 16
Hash seed index: 10
off_diagonal_mean:
0.4965060763888889
off_diagonal_std:
0.03468621994200663


-----------
Number of seeds: 16
Hash seed index: 11
off_diagonal_mean:
0.4916449652777778
off_diagonal_std:
0.03785657854533279


-----------
Number of seeds: 16
Hash seed index: 12
off_diagonal_mean:
0.5013671875
off_diagonal_std:
0.03893691836011651


-----------
Number of seeds: 16
Hash seed index: 13
off_diagonal_mean:
0.4936740451388889
off_diagonal_std:
0.040373305240955226


-----------
Number of seeds: 16
Hash seed index: 14
off_diagonal_mean:
0.49514973958333336
off_diagonal_std:
0.03566895923792649


-----------
Number of seeds: 16
Hash seed index: 15
off_diagonal_mean:
0.49764539930555557
off_diagonal_std:
0.04285637096828983


-----------
Number of seeds: 16
Hash seed index: 16
off_diagonal_mean:
0.49673394097222223
off_diagonal_std:
0.0330701486981695


-----------
Number of seeds: 16
Hash seed index: 17
off_diagonal_mean:
0.5000759548611111
off_diagonal_std:
0.04148576957120172


-----------
Number of seeds: 16
Hash seed index: 18
off_diagonal_mean:
0.49624565972222223
off_diagonal_std:
0.033334322314249466


-----------
Number of seeds: 16
Hash seed index: 19
off_diagonal_mean:
0.4950629340277778
off_diagonal_std:
0.035286626832337374


-----------
Number of seeds: 32
Hash seed index: 0
off_diagonal_mean:
0.4957248263888889
off_diagonal_std:
0.03746957682968117


-----------
Number of seeds: 32
Hash seed index: 1
off_diagonal_mean:
0.4945203993055556
off_diagonal_std:
0.037038977007038475


-----------
Number of seeds: 32
Hash seed index: 2
off_diagonal_mean:
0.49759114583333336
off_diagonal_std:
0.03861374172943127


-----------
Number of seeds: 32
Hash seed index: 3
off_diagonal_mean:
0.49407552083333334
off_diagonal_std:
0.030800120017958694


-----------
Number of seeds: 32
Hash seed index: 4
off_diagonal_mean:
0.49996744791666664
off_diagonal_std:
0.037376950737926525


-----------
Number of seeds: 32
Hash seed index: 5
off_diagonal_mean:
0.48892144097222223
off_diagonal_std:
0.03589305576349606


-----------
Number of seeds: 32
Hash seed index: 6
off_diagonal_mean:
0.49322916666666666
off_diagonal_std:
0.03541594859872554


-----------
Number of seeds: 32
Hash seed index: 7
off_diagonal_mean:
0.4979709201388889
off_diagonal_std:
0.03489462711744146


-----------
Number of seeds: 32
Hash seed index: 8
off_diagonal_mean:
0.49852430555555555
off_diagonal_std:
0.04004574291228286


-----------
Number of seeds: 32
Hash seed index: 9
off_diagonal_mean:
0.4964626736111111
off_diagonal_std:
0.03723667452541396


-----------
Number of seeds: 32
Hash seed index: 10
off_diagonal_mean:
0.5039605034722222
off_diagonal_std:
0.03720586673613465


-----------
Number of seeds: 32
Hash seed index: 11
off_diagonal_mean:
0.49713541666666666
off_diagonal_std:
0.03817564222140771


-----------
Number of seeds: 32
Hash seed index: 12
off_diagonal_mean:
0.5011067708333333
off_diagonal_std:
0.03631452991956635


-----------
Number of seeds: 32
Hash seed index: 13
off_diagonal_mean:
0.49637586805555556
off_diagonal_std:
0.0379237343609706


-----------
Number of seeds: 32
Hash seed index: 14
off_diagonal_mean:
0.4935980902777778
off_diagonal_std:
0.03416359712756461


-----------
Number of seeds: 32
Hash seed index: 15
off_diagonal_mean:
0.49702690972222224
off_diagonal_std:
0.03519357800539958


-----------
Number of seeds: 32
Hash seed index: 16
off_diagonal_mean:
0.5017144097222223
off_diagonal_std:
0.03624387933823408


-----------
Number of seeds: 32
Hash seed index: 17
off_diagonal_mean:
0.49026692708333336
off_diagonal_std:
0.0337093915863592


-----------
Number of seeds: 32
Hash seed index: 18
off_diagonal_mean:
0.49320746527777776
off_diagonal_std:
0.03665396704845765


-----------
Number of seeds: 32
Hash seed index: 19
off_diagonal_mean:
0.4906467013888889
off_diagonal_std:
0.03982517656311973
Latex code for table of results:
& -0.03 (\textpm 0.00) & 0.14 (\textpm 0.13) & 0.48 (\textpm 0.06) & 0.50 (\textpm 0.00) & 0.50 (\textpm 0.00) & 0.50 (\textpm 0.00) 



