2021-01-10 23:49:12.080749

args:
Namespace(index='[0,100]', run='1676', save=True)


Loading returns from results/sacred/1676/info.json


Loading config from results/sacred/1676/config.json
return matrix:
[[ 1.98974609e+00  9.93652344e-01  1.98535156e+00  1.03662109e+00
   1.03613281e+00  9.92187500e-01  9.96093750e-01  1.03027344e+00
   9.92675781e-01 -8.34960938e-02]
 [ 9.89257812e-01  2.00048828e+00  9.85839844e-01  1.46484375e-03
   2.68554688e-02  1.99755859e+00  1.98583984e+00  2.68554688e-02
   1.98974609e+00  1.03222656e+00]
 [ 1.97802734e+00  9.94140625e-01  1.99267578e+00  9.40917969e-01
   1.00048828e+00  9.94628906e-01  9.94140625e-01  1.03808594e+00
   9.91699219e-01 -2.83203125e-02]
 [ 9.79492188e-01 -1.46484375e-03  9.75585938e-01  2.02099609e+00
   1.97412109e+00 -9.76562500e-03  1.26953125e-02  2.00048828e+00
  -9.76562500e-03  9.86328125e-01]
 [ 9.83398438e-01  1.46484375e-02  1.05224609e+00  2.00097656e+00
   1.98535156e+00  6.34765625e-03 -1.46484375e-02  1.98632812e+00
  -2.58789062e-02  9.88769531e-01]
 [ 9.92187500e-01  1.95068359e+00  9.89746094e-01 -6.29882812e-02
   2.29492188e-02  1.95263672e+00  2.01367188e+00  0.00000000e+00
   2.00781250e+00  1.00585938e+00]
 [ 9.94140625e-01  2.00732422e+00  9.90722656e-01  1.56250000e-02
   6.34765625e-03  1.98388672e+00  1.96826172e+00 -3.90625000e-03
   1.97070312e+00  1.04492188e+00]
 [ 1.05224609e+00  2.44140625e-03  1.00830078e+00  2.00146484e+00
   2.00000000e+00 -6.34765625e-03  4.88281250e-04  2.00976562e+00
  -1.12304688e-02  9.89746094e-01]
 [ 9.89257812e-01  1.99609375e+00  9.88281250e-01  1.26953125e-02
   1.26953125e-02  1.96044922e+00  1.99072266e+00 -7.32421875e-03
   2.00781250e+00  1.00976562e+00]
 [-1.90429688e-02  1.02978516e+00 -1.17187500e-02  9.95117188e-01
   9.95605469e-01  9.75585938e-01  9.67773438e-01  9.97558594e-01
   9.83886719e-01  1.97119141e+00]]
off_diagonal_mean:
0.9072536892361112
off_diagonal_std:
0.7234393241722414
return matrix:
[[1.97558594 1.984375   2.01123047 1.96972656 2.01025391 2.02490234
  1.95361328 1.96240234 2.01953125 1.99902344]
 [1.99609375 2.00585938 1.96142578 1.97607422 1.97167969 2.02246094
  2.01220703 1.98339844 1.99951172 1.99267578]
 [2.01708984 1.98535156 2.01806641 2.0078125  1.95849609 1.98779297
  1.98046875 1.98388672 1.99804688 1.94384766]
 [1.99267578 1.97998047 2.03076172 1.98046875 1.98828125 1.99462891
  2.0234375  1.97802734 1.98681641 2.00732422]
 [1.97314453 1.99414062 1.97070312 1.98242188 2.03173828 1.95263672
  1.984375   2.01513672 2.00927734 1.93359375]
 [2.01904297 1.98095703 1.97558594 2.00683594 1.99804688 1.96582031
  1.98486328 1.97363281 1.93945312 1.99072266]
 [2.00292969 1.97412109 1.99267578 1.9921875  2.00830078 1.96533203
  1.95947266 2.01513672 2.01074219 1.99072266]
 [1.99414062 1.99707031 1.98730469 1.96044922 1.96582031 2.01513672
  1.99462891 1.98388672 1.98046875 1.98974609]
 [1.99853516 2.01318359 1.99853516 2.02685547 1.97705078 1.97802734
  1.953125   1.96240234 1.96191406 2.02099609]
 [1.97851562 1.99267578 1.98779297 1.97558594 2.01367188 1.97119141
  2.00634766 2.00927734 2.00830078 2.00097656]]
off_diagonal_mean:
1.9898763020833334
off_diagonal_std:
0.0209369372138812
