2021-02-10 18:45:49.140537

args:
Namespace(index='[0,100]', run='4', save=True)


Loading returns from results/sacred/4/info.json


Loading config from results/sacred/4/config.json
return matrix:
[[ 0.50585938 -0.50195312 -0.49121094  0.546875    0.48828125  0.54199219
  -0.50878906  0.45703125  0.53417969 -0.54199219]
 [-0.52050781  0.52246094  0.44140625 -0.52832031 -0.47265625 -0.50683594
   0.51953125 -0.51171875 -0.51367188  0.51171875]
 [-0.52050781  0.53515625  0.52734375 -0.5        -0.48632812 -0.47167969
   0.50292969 -0.49609375 -0.48925781  0.56347656]
 [ 0.51953125 -0.5078125  -0.48535156  0.50097656  0.48730469  0.55078125
  -0.49414062  0.49511719  0.48242188 -0.43554688]
 [ 0.53125    -0.49804688 -0.51367188  0.49609375  0.51171875  0.54785156
  -0.5234375   0.48242188  0.46875    -0.49902344]
 [ 0.4609375  -0.52636719 -0.54296875  0.5859375   0.47167969  0.44628906
  -0.515625    0.48925781  0.43359375 -0.47363281]
 [-0.48632812  0.52832031  0.45996094 -0.47363281 -0.50195312 -0.5234375
   0.51171875 -0.51660156 -0.48828125  0.49902344]
 [ 0.47167969 -0.51367188 -0.48828125  0.49804688  0.48535156  0.48730469
  -0.49707031  0.48828125  0.49023438 -0.46875   ]
 [ 0.53125    -0.49902344 -0.50683594  0.41113281  0.45507812  0.484375
  -0.50195312  0.46582031  0.51660156 -0.48339844]
 [-0.49414062  0.48339844  0.53710938 -0.50390625 -0.49511719 -0.51171875
   0.5078125  -0.50097656 -0.45996094  0.47460938]]
off_diagonal_mean:
-0.03389756944444444
off_diagonal_std:
0.498957442322138
return matrix:
[[0.42382812 0.48632812 0.4140625  0.55078125 0.48632812 0.52441406
  0.56152344 0.49316406 0.50585938 0.50683594]
 [0.4921875  0.48925781 0.42675781 0.48925781 0.48046875 0.55566406
  0.43847656 0.53222656 0.50292969 0.52636719]
 [0.45117188 0.53125    0.48632812 0.41015625 0.4765625  0.4765625
  0.53027344 0.49414062 0.52246094 0.515625  ]
 [0.46484375 0.49023438 0.54882812 0.47558594 0.44824219 0.49316406
  0.53222656 0.49609375 0.45410156 0.46484375]
 [0.51757812 0.45214844 0.58691406 0.52148438 0.54980469 0.52929688
  0.4921875  0.50976562 0.47070312 0.44140625]
 [0.45703125 0.46972656 0.46777344 0.50683594 0.43945312 0.50097656
  0.49707031 0.43164062 0.47460938 0.53222656]
 [0.58300781 0.53125    0.50097656 0.47460938 0.50878906 0.48144531
  0.48242188 0.43554688 0.52050781 0.47265625]
 [0.48535156 0.5078125  0.49316406 0.46679688 0.47265625 0.47949219
  0.44824219 0.46972656 0.50878906 0.52246094]
 [0.48925781 0.60839844 0.49121094 0.52539062 0.46484375 0.46875
  0.52734375 0.49804688 0.5234375  0.55175781]
 [0.55273438 0.47949219 0.50195312 0.49511719 0.51171875 0.48535156
  0.52050781 0.51269531 0.46484375 0.52832031]]
off_diagonal_mean:
0.4957248263888889
off_diagonal_std:
0.03746957682968117
