2021-01-11 11:16:06.243655

args:
Namespace(hash_run='1673', index='0', n_bins='100', run='1678', save='True', threshold='0.6', title='')


loading config from results/sacred/1678/config.json


loading config from results/sacred/1673/config.json


loading hashs, model paths from results/sacred/1673/info.json


hash values seed 100:
[-32.414239250865975, -10.836004463542693, -24.892868912656265, -25.10008920330365, -32.284487451546596, -32.217754092574054, -19.35918772443393, -32.071455766712994, -18.61043009375271, -32.18318395075575, -17.933265840046083, -32.539531707674875, -18.647891000526094, -18.339890260781402, -32.19802619492701, -11.134479858477182, -11.070661723953783, -18.447946810107908, -31.848518227461813, -18.359887045093043, -18.496890222175416, -17.72431479081401, -18.67072194495444, -31.712022438402734, -10.938162908380601, -32.29490468738686, -18.540818274442145, -17.58059685194715, -10.903773190995855, -11.06766244448208, -25.06080959974131, -32.307259523500214, -18.67711275377004, -25.03017307337407, -17.797093990032547, -18.499742383145446, -17.824873587758034, -24.577936841724256, -11.087442422955338, -25.264227580320533, -18.906627796578007, -32.00337630223201, -19.043970357096757, -18.203223347925487, -11.072567928576738, -25.049592511778034, -11.083381625566524, -18.039012124039115, -24.02640399933461, -18.84027777891874, -17.966660703877288, -18.670362257520544, -18.337461590845074, -11.036696136363975, -32.115109252201414, -18.711060406985688, -24.97568912675642, -25.264891393706133, -24.96658114457415, -32.48767785425096, -24.512598109728035, -32.295999350667984, -11.122314228615675, -10.98693787274545, -32.186445794665794, -11.06683089141547, -24.94416683454176, -18.071992573990777, -24.568779038857855, -10.929248813634933, -17.5582203480407, -25.279819455597572, -18.704077263648937, -10.940246929773688, -18.380251941969988, -24.555859743436145, -24.464863813550046, -25.013206777604317, -19.298347088572736, -24.146857616483203, -24.63796874892881, -18.505330854047553, -24.928798237709003, -32.252132778318305, -17.281462784249072, -10.967626832659596, -32.2812260770228, -32.119390233936514, -18.592442317627437, -18.592810636926295, -32.19947851916205, -18.49753849089604, -18.706240459499384, -11.135367779711697, -23.920359495192535, -24.606957815256415, -24.522713756423315, -18.081435574359404, -10.95821963189995, -32.36635490018661, -18.303015697882678, -10.92962323989693, -10.803089701113858, -24.695461800743324, -25.053622392944014, -10.998503884390441, -18.24970824952943, -17.973860953154023, -17.830612818417567, -18.696687283052192, -10.919026052997955, -18.197125431561446, -31.933400223886295, -18.27293154163643, -18.626933518684503, -17.910510113962616, -32.400033455613105, -18.467824141998626, -24.39472548120233, -18.4421017303261, -24.635232987913056, -18.27201849136113, -32.60898742579761, -11.126760019912496, -24.64327760542186, -18.74072625056706, -24.70676158083212, -10.770001611184309, -24.701525829808595, -32.117323318489625, -18.332756591185213, -18.927026490388236, -18.24791671119125, -18.449629754661117, -18.322196927517926, -18.430407515024797, -32.09568690346248, -32.41582977935531, -10.793408890799327, -10.96245603046884, -18.595628551297164, -24.89433926312154, -10.936489404934273, -24.862973848555413, -18.61102215169548, -10.823337469108868, -32.08459394684327, -18.22119119067738, -18.651499729082097, -18.776011109280454, -18.362084537328315, -18.366954259848377, -11.038570093015204, -17.772382663105848, -18.709971316231105, -24.552618242791056, -18.20295280852486, -18.24405299110179, -11.085727636001945, -24.261660527319233, -18.22660272693534, -24.450321792454286, -11.019641876725878, -18.00092492923089, -18.51311810920943, -10.93888226744345, -18.72963544440576, -17.75148169456837, -17.906392398425567, -10.771104745700178, -18.43098281884305, -24.90262098167419, -11.06997575631971, -25.011065979715287, -18.512901179445663, -31.96605681030079, -32.46318621810687, -32.32688140291752, -18.201154896205093, -32.65774031713602, -10.907691609713597, -10.84969295691175, -11.029220214477224, -18.96112978272482, -17.553803420369228, -10.915149387379754, -32.256758603836936, -32.22784008020564, -18.639186611773262, -19.14788513899698, -32.30003248578133, -17.783329634869567, -18.429484389374014, -10.76240589793675, -24.532623645237152, -25.281668644088395, -25.4856764146299, -18.02085617060076, -11.05379760977929, -32.52060405638636, -18.083536233699025, -10.78787700876962, -10.684129074639877, -24.0856173890207, -24.665411003639573, -10.788494104159096, -17.763445411611716, -18.093348783485347, -17.469618548331855, -19.084962259100507, -10.708460694228787, -18.051245018249084, -32.24444220105573, -18.193138352972078, -19.152878964841356, -18.32162170596155, -32.299346771010505, -18.311862506206698, -24.83492548164299, -18.57222512537243, -24.58055127834955, -18.305409480076296, -32.48464380081252, -10.90861395565874, -25.28834510402093, -18.541556926089903, -24.431479526296478, -10.69858529704421, -24.534687294731704, -32.02516196430082, -18.219443640141034, -18.672894821654104, -18.23324677863239, -17.68009320265592, -18.498370735741652, -18.385395407273414, -31.996996160432577, -32.43620839348648, -10.783174060803207, -10.809820690003825, -19.052623342679215, -24.661166663643034, -10.977564295884006, -24.64531213522466, -18.558840349542088, -10.888094691694024, -32.132792429922375, -17.975913051174956, -18.375502288506496, -18.65639442186028, -18.526161114228522, -17.754376031947203, -10.9734778280745, -18.35760793064909, -18.97052875286842, -24.8809494265681, -18.340437975141008, -18.327971693824054, -10.979041734597896, -24.926638364662765, -18.18956630205355, -24.590419863960197, -10.829811636909065, -18.317238922220433, -17.806029291040044, -10.8958939897452, -19.294390872874075, -17.80983871138904, -18.044703094464232, -11.038803090197533, -18.9370063709323, -24.899937923725105, -11.080199149537918, -24.938763518651598, -18.529448009864957, -31.939485594710245, -32.348179930814865, -32.19252718020246, -18.42120922328369, -32.37989025449865, -10.89922379267319, -10.972415316128593, -10.986040826437495, -18.890796129422377, -18.395874433106343, -17.960245875417122, -25.114880052246683, -32.09470330924503, -10.820454013276153, -24.706016971413188, -24.778261526944505, -31.537389082780066, -17.945624521713956, -11.030903967269804, -18.191242461259748, -25.464844518594433, -24.62893359750973, -10.89443318544977, -18.92168774389944, -10.837739344713686, -24.50676349337771, -19.199995590182326, -11.085358515594658, -11.09432326029708, -18.84178701945079, -32.26338975242272, -11.030693061860788, -17.990580978256613, -18.357788849308438, -10.971024832792379, -17.90940848834768, -17.74862075817657, -18.5573802712902, -18.197192023805925, -19.386881645020104, -18.52479054794065, -32.37826727030556, -18.49270876069186, -18.523119377014154, -24.928514051347157]


loading returns from results/sacred/1678/info.json

Model paths:
                                            model_path  seed
0    results/models/policy_gradient__2020-11-25_19-...   200
1    results/models/policy_gradient__2020-11-25_19-...   201
2    results/models/policy_gradient__2020-11-25_19-...   202
3    results/models/policy_gradient__2020-11-25_19-...   203
4    results/models/policy_gradient__2020-11-25_19-...   204
..                                                 ...   ...
315  results/models/policy_gradient__2020-11-27_00-...   515
316  results/models/policy_gradient__2020-11-27_00-...   516
317  results/models/policy_gradient__2020-11-27_00-...   517
318  results/models/policy_gradient__2020-11-27_00-...   518
319  results/models/policy_gradient__2020-11-27_01-...   519

[320 rows x 2 columns]


=============================================
-----------seed of hash function: 100---------

-----------number of total seeds: 320---------

hash_list:
[-32.414239250865975, -10.836004463542693, -24.892868912656265, -25.10008920330365, -32.284487451546596, -32.217754092574054, -19.35918772443393, -32.071455766712994, -18.61043009375271, -32.18318395075575, -17.933265840046083, -32.539531707674875, -18.647891000526094, -18.339890260781402, -32.19802619492701, -11.134479858477182, -11.070661723953783, -18.447946810107908, -31.848518227461813, -18.359887045093043, -18.496890222175416, -17.72431479081401, -18.67072194495444, -31.712022438402734, -10.938162908380601, -32.29490468738686, -18.540818274442145, -17.58059685194715, -10.903773190995855, -11.06766244448208, -25.06080959974131, -32.307259523500214, -18.67711275377004, -25.03017307337407, -17.797093990032547, -18.499742383145446, -17.824873587758034, -24.577936841724256, -11.087442422955338, -25.264227580320533, -18.906627796578007, -32.00337630223201, -19.043970357096757, -18.203223347925487, -11.072567928576738, -25.049592511778034, -11.083381625566524, -18.039012124039115, -24.02640399933461, -18.84027777891874, -17.966660703877288, -18.670362257520544, -18.337461590845074, -11.036696136363975, -32.115109252201414, -18.711060406985688, -24.97568912675642, -25.264891393706133, -24.96658114457415, -32.48767785425096, -24.512598109728035, -32.295999350667984, -11.122314228615675, -10.98693787274545, -32.186445794665794, -11.06683089141547, -24.94416683454176, -18.071992573990777, -24.568779038857855, -10.929248813634933, -17.5582203480407, -25.279819455597572, -18.704077263648937, -10.940246929773688, -18.380251941969988, -24.555859743436145, -24.464863813550046, -25.013206777604317, -19.298347088572736, -24.146857616483203, -24.63796874892881, -18.505330854047553, -24.928798237709003, -32.252132778318305, -17.281462784249072, -10.967626832659596, -32.2812260770228, -32.119390233936514, -18.592442317627437, -18.592810636926295, -32.19947851916205, -18.49753849089604, -18.706240459499384, -11.135367779711697, -23.920359495192535, -24.606957815256415, -24.522713756423315, -18.081435574359404, -10.95821963189995, -32.36635490018661, -18.303015697882678, -10.92962323989693, -10.803089701113858, -24.695461800743324, -25.053622392944014, -10.998503884390441, -18.24970824952943, -17.973860953154023, -17.830612818417567, -18.696687283052192, -10.919026052997955, -18.197125431561446, -31.933400223886295, -18.27293154163643, -18.626933518684503, -17.910510113962616, -32.400033455613105, -18.467824141998626, -24.39472548120233, -18.4421017303261, -24.635232987913056, -18.27201849136113, -32.60898742579761, -11.126760019912496, -24.64327760542186, -18.74072625056706, -24.70676158083212, -10.770001611184309, -24.701525829808595, -32.117323318489625, -18.332756591185213, -18.927026490388236, -18.24791671119125, -18.449629754661117, -18.322196927517926, -18.430407515024797, -32.09568690346248, -32.41582977935531, -10.793408890799327, -10.96245603046884, -18.595628551297164, -24.89433926312154, -10.936489404934273, -24.862973848555413, -18.61102215169548, -10.823337469108868, -32.08459394684327, -18.22119119067738, -18.651499729082097, -18.776011109280454, -18.362084537328315, -18.366954259848377, -11.038570093015204, -17.772382663105848, -18.709971316231105, -24.552618242791056, -18.20295280852486, -18.24405299110179, -11.085727636001945, -24.261660527319233, -18.22660272693534, -24.450321792454286, -11.019641876725878, -18.00092492923089, -18.51311810920943, -10.93888226744345, -18.72963544440576, -17.75148169456837, -17.906392398425567, -10.771104745700178, -18.43098281884305, -24.90262098167419, -11.06997575631971, -25.011065979715287, -18.512901179445663, -31.96605681030079, -32.46318621810687, -32.32688140291752, -18.201154896205093, -32.65774031713602, -10.907691609713597, -10.84969295691175, -11.029220214477224, -18.96112978272482, -17.553803420369228, -10.915149387379754, -32.256758603836936, -32.22784008020564, -18.639186611773262, -19.14788513899698, -32.30003248578133, -17.783329634869567, -18.429484389374014, -10.76240589793675, -24.532623645237152, -25.281668644088395, -25.4856764146299, -18.02085617060076, -11.05379760977929, -32.52060405638636, -18.083536233699025, -10.78787700876962, -10.684129074639877, -24.0856173890207, -24.665411003639573, -10.788494104159096, -17.763445411611716, -18.093348783485347, -17.469618548331855, -19.084962259100507, -10.708460694228787, -18.051245018249084, -32.24444220105573, -18.193138352972078, -19.152878964841356, -18.32162170596155, -32.299346771010505, -18.311862506206698, -24.83492548164299, -18.57222512537243, -24.58055127834955, -18.305409480076296, -32.48464380081252, -10.90861395565874, -25.28834510402093, -18.541556926089903, -24.431479526296478, -10.69858529704421, -24.534687294731704, -32.02516196430082, -18.219443640141034, -18.672894821654104, -18.23324677863239, -17.68009320265592, -18.498370735741652, -18.385395407273414, -31.996996160432577, -32.43620839348648, -10.783174060803207, -10.809820690003825, -19.052623342679215, -24.661166663643034, -10.977564295884006, -24.64531213522466, -18.558840349542088, -10.888094691694024, -32.132792429922375, -17.975913051174956, -18.375502288506496, -18.65639442186028, -18.526161114228522, -17.754376031947203, -10.9734778280745, -18.35760793064909, -18.97052875286842, -24.8809494265681, -18.340437975141008, -18.327971693824054, -10.979041734597896, -24.926638364662765, -18.18956630205355, -24.590419863960197, -10.829811636909065, -18.317238922220433, -17.806029291040044, -10.8958939897452, -19.294390872874075, -17.80983871138904, -18.044703094464232, -11.038803090197533, -18.9370063709323, -24.899937923725105, -11.080199149537918, -24.938763518651598, -18.529448009864957, -31.939485594710245, -32.348179930814865, -32.19252718020246, -18.42120922328369, -32.37989025449865, -10.89922379267319, -10.972415316128593, -10.986040826437495, -18.890796129422377, -18.395874433106343, -17.960245875417122, -25.114880052246683, -32.09470330924503, -10.820454013276153, -24.706016971413188, -24.778261526944505, -31.537389082780066, -17.945624521713956, -11.030903967269804, -18.191242461259748, -25.464844518594433, -24.62893359750973, -10.89443318544977, -18.92168774389944, -10.837739344713686, -24.50676349337771, -19.199995590182326, -11.085358515594658, -11.09432326029708, -18.84178701945079, -32.26338975242272, -11.030693061860788, -17.990580978256613, -18.357788849308438, -10.971024832792379, -17.90940848834768, -17.74862075817657, -18.5573802712902, -18.197192023805925, -19.386881645020104, -18.52479054794065, -32.37826727030556, -18.49270876069186, -18.523119377014154, -24.928514051347157]

-----looking at class no 0-----

indices for class:
[0, 4, 5, 7, 9, 11, 14, 18, 23, 25, 31, 41, 54, 59, 61, 64, 83, 86, 87, 90, 99, 112, 116, 122, 129, 136, 137, 146, 175, 176, 177, 179, 186, 187, 190, 199, 212, 216, 222, 229, 236, 237, 246, 275, 276, 277, 279, 287, 291, 305, 316]

-----looking at class no 1-----

indices for class:
[1, 15, 16, 24, 28, 29, 38, 44, 46, 53, 62, 63, 65, 69, 73, 85, 93, 98, 101, 102, 105, 110, 123, 127, 138, 139, 142, 145, 152, 158, 162, 165, 169, 172, 180, 181, 182, 185, 193, 198, 201, 202, 205, 210, 223, 227, 238, 239, 242, 245, 252, 258, 262, 265, 269, 272, 280, 281, 282, 288, 293, 297, 299, 302, 303, 306, 309]

-----looking at class no 2-----

indices for class:
[2, 3, 30, 33, 37, 39, 45, 48, 56, 57, 58, 60, 66, 68, 71, 75, 76, 77, 79, 80, 82, 94, 95, 96, 103, 104, 118, 120, 124, 126, 128, 141, 143, 155, 159, 161, 171, 173, 194, 195, 196, 203, 204, 218, 220, 224, 226, 228, 241, 243, 255, 259, 261, 271, 273, 286, 289, 290, 295, 296, 300, 319]

-----looking at class no 3-----

indices for class:
[6, 8, 10, 12, 13, 17, 19, 20, 21, 22, 26, 27, 32, 34, 35, 36, 40, 42, 43, 47, 49, 50, 51, 52, 55, 67, 70, 72, 74, 78, 81, 84, 88, 89, 91, 92, 97, 100, 106, 107, 108, 109, 111, 113, 114, 115, 117, 119, 121, 125, 130, 131, 132, 133, 134, 135, 140, 144, 147, 148, 149, 150, 151, 153, 154, 156, 157, 160, 163, 164, 166, 167, 168, 170, 174, 178, 183, 184, 188, 189, 191, 192, 197, 200, 206, 207, 208, 209, 211, 213, 214, 215, 217, 219, 221, 225, 230, 231, 232, 233, 234, 235, 240, 244, 247, 248, 249, 250, 251, 253, 254, 256, 257, 260, 263, 264, 266, 267, 268, 270, 274, 278, 283, 284, 285, 292, 294, 298, 301, 304, 307, 308, 310, 311, 312, 313, 314, 315, 317, 318]

Size of class number 0:
total: 51, percent: 15.94%

Example run:
path: results/models/policy_gradient__2020-11-25_19-25-24
seed: 200

Size of class number 1:
total: 67, percent: 20.94%

Example run:
path: results/models/policy_gradient__2020-11-25_19-29-05
seed: 201

Size of class number 2:
total: 62, percent: 19.38%

Example run:
path: results/models/policy_gradient__2020-11-25_19-32-24
seed: 202

Size of class number 3:
total: 140, percent: 43.75%

Example run:
path: results/models/policy_gradient__2020-11-25_19-46-39
seed: 206

Saving data to file /Users/johannes/git/op-tie-breaking/results/analysis_of_equiv_classes/hash_seeds_per_class_run_1678_hash_run_1673_env_asymmetriclevergame.csv

Now, print histogram





